Build started 1/8/2016 5:21:20 PM.
     1>Project "C:\Users\kuscum\Documents\Studium\DHBW Theoriesemester\5. Semester\Wissensbasierten Systeme\WB15Proj\workspace\emotionalAnalyzer\emotionalAnalyzer\emotionalAnalyzer.vcxproj" on node 2 (Build target(s)).
     1>ClCompile:
         C:\Program Files (x86)\Microsoft Visual Studio 12.0\VC\bin\CL.exe /c /ZI /nologo /W3 /WX- /sdl /Od /Oy- /D WIN32 /D _DEBUG /D _CONSOLE /D _LIB /D _UNICODE /D UNICODE /Gm /EHsc /RTC1 /MDd /GS /fp:precise /Zc:wchar_t /Zc:forScope /Fo"Debug\\" /Fd"Debug\vc120.pdb" /Gd /TP /analyze- /errorReport:prompt Main.cpp
         Main.cpp
     1>c:\users\kuscum\documents\studium\dhbw theoriesemester\5. semester\wissensbasierten systeme\wb15proj\workspace\emotionalanalyzer\emotionalanalyzer\main.cpp(63): warning C4018: '<' : signed/unsigned mismatch
     1>c:\users\kuscum\documents\studium\dhbw theoriesemester\5. semester\wissensbasierten systeme\wb15proj\workspace\emotionalanalyzer\emotionalanalyzer\main.cpp(95): error C2065: 'hallo' : undeclared identifier
     1>c:\users\kuscum\documents\studium\dhbw theoriesemester\5. semester\wissensbasierten systeme\wb15proj\workspace\emotionalanalyzer\emotionalanalyzer\main.cpp(95): error C2228: left of '.insert' must have class/struct/union
                 type is 'unknown-type'
     1>c:\users\kuscum\documents\studium\dhbw theoriesemester\5. semester\wissensbasierten systeme\wb15proj\workspace\emotionalanalyzer\emotionalanalyzer\main.cpp(96): error C2065: 'hallo' : undeclared identifier
     1>c:\users\kuscum\documents\studium\dhbw theoriesemester\5. semester\wissensbasierten systeme\wb15proj\workspace\emotionalanalyzer\emotionalanalyzer\main.cpp(96): error C2228: left of '.insert' must have class/struct/union
                 type is 'unknown-type'
     1>c:\users\kuscum\documents\studium\dhbw theoriesemester\5. semester\wissensbasierten systeme\wb15proj\workspace\emotionalanalyzer\emotionalanalyzer\main.cpp(97): error C2065: 'hallo' : undeclared identifier
     1>c:\users\kuscum\documents\studium\dhbw theoriesemester\5. semester\wissensbasierten systeme\wb15proj\workspace\emotionalanalyzer\emotionalanalyzer\main.cpp(97): error C2228: left of '.insert' must have class/struct/union
                 type is 'unknown-type'
     1>Done Building Project "C:\Users\kuscum\Documents\Studium\DHBW Theoriesemester\5. Semester\Wissensbasierten Systeme\WB15Proj\workspace\emotionalAnalyzer\emotionalAnalyzer\emotionalAnalyzer.vcxproj" (Build target(s)) -- FAILED.

Build FAILED.

Time Elapsed 00:00:01.05
